<?xml version="1.0" encoding="UTF-8"?>
<!-- Generated by org.testng.reporters.JUnitReportReporter -->
<testsuite hostname="DESKTOP-L28IVB5" failures="0" tests="1" name="Com.TestLayer.LoginPageTest" time="15.498" errors="0" timestamp="2021-10-02T20:08:42 IST" skipped="0">
  <testcase classname="Com.TestLayer.LoginPageTest" name="validateLoginFunctionality" time="15.498"/>
  <system-out/>
</testsuite> <!-- Com.TestLayer.LoginPageTest -->
