<?xml version="1.0" encoding="UTF-8"?>
<!-- Generated by org.testng.reporters.JUnitReportReporter -->
<testsuite hostname="DESKTOP-L28IVB5" failures="0" tests="10" name="Com.TestLayer.ContactPageTest" time="11.372" errors="0" timestamp="2021-09-29T20:37:46 IST" skipped="0">
  <testcase classname="Com.TestLayer.ContactPageTest" name="validateLoginFunctionality" time="2.849"/>
  <system-out/>
  <testcase classname="Com.TestLayer.ContactPageTest" name="validateHomePageTitle" time="0.026"/>
  <system-out/>
  <testcase classname="Com.TestLayer.ContactPageTest" name="validateHomePageLogo" time="4.316"/>
  <system-out/>
  <testcase classname="Com.TestLayer.ContactPageTest" name="validateCreateButton" time="0.781"/>
  <system-out/>
  <testcase classname="Com.TestLayer.ContactPageTest" name="validateFirstName" time="1.146"/>
  <system-out/>
  <testcase classname="Com.TestLayer.ContactPageTest" name="valideLastName" time="0.660"/>
  <system-out/>
  <testcase classname="Com.TestLayer.ContactPageTest" name="validateMiddleName" time="0.522"/>
  <system-out/>
  <testcase classname="Com.TestLayer.ContactPageTest" name="validatepublicAccess" time="0.345"/>
  <system-out/>
  <testcase classname="Com.TestLayer.ContactPageTest" name="validateDp" time="0.434"/>
  <system-out/>
  <testcase classname="Com.TestLayer.ContactPageTest" name="validateSaveButton" time="0.293"/>
  <system-out/>
</testsuite> <!-- Com.TestLayer.ContactPageTest -->
