<?xml version="1.0" encoding="UTF-8"?>
<!-- Generated by org.testng.reporters.JUnitReportReporter -->
<testsuite hostname="DESKTOP-L28IVB5" failures="0" tests="8" name="Com.TestLayer.HomePageTest" time="5.925" errors="0" timestamp="2021-09-29T19:56:11 IST" skipped="0">
  <testcase classname="Com.TestLayer.HomePageTest" name="validateLoginPage" time="3.380"/>
  <system-out/>
  <testcase classname="Com.TestLayer.HomePageTest" name="validateHomePageLogo" time="1.155"/>
  <system-out/>
  <testcase classname="Com.TestLayer.HomePageTest" name="validateLoggedUsername" time="0.118"/>
  <system-out/>
  <testcase classname="Com.TestLayer.HomePageTest" name="validateHomePageTitle" time="0.038"/>
  <system-out/>
  <testcase classname="Com.TestLayer.HomePageTest" name="validateHomeUrl" time="0.028"/>
  <system-out/>
  <testcase classname="Com.TestLayer.HomePageTest" name="validateContactLink" time="0.540"/>
  <system-out/>
  <testcase classname="Com.TestLayer.HomePageTest" name="validateDealsLink" time="0.470"/>
  <system-out/>
  <testcase classname="Com.TestLayer.HomePageTest" name="validateCompanies" time="0.196"/>
  <system-out/>
</testsuite> <!-- Com.TestLayer.HomePageTest -->
