<?xml version="1.0" encoding="UTF-8"?>
<!-- Generated by org.testng.reporters.JUnitReportReporter -->
<testsuite hostname="DESKTOP-L28IVB5" failures="0" tests="8" name="Com.TestLayer.HomePageTest" time="5.841" errors="0" timestamp="2021-09-30T19:15:23 IST" skipped="0">
  <testcase classname="Com.TestLayer.HomePageTest" name="validateLoginPage" time="3.017"/>
  <system-out/>
  <testcase classname="Com.TestLayer.HomePageTest" name="validateHomePageLogo" time="1.905"/>
  <system-out/>
  <testcase classname="Com.TestLayer.HomePageTest" name="validateLoggedUsername" time="0.074"/>
  <system-out/>
  <testcase classname="Com.TestLayer.HomePageTest" name="validateHomePageTitle" time="0.027"/>
  <system-out/>
  <testcase classname="Com.TestLayer.HomePageTest" name="validateHomeUrl" time="0.040"/>
  <system-out/>
  <testcase classname="Com.TestLayer.HomePageTest" name="validateContactLink" time="0.258"/>
  <system-out/>
  <testcase classname="Com.TestLayer.HomePageTest" name="validateDealsLink" time="0.255"/>
  <system-out/>
  <testcase classname="Com.TestLayer.HomePageTest" name="validateCompanies" time="0.265"/>
  <system-out/>
</testsuite> <!-- Com.TestLayer.HomePageTest -->
