<?xml version="1.0" encoding="UTF-8"?>
<!-- Generated by org.testng.reporters.JUnitReportReporter -->
<testsuite hostname="DESKTOP-L28IVB5" failures="0" tests="10" name="Com.TestLayer.ContactPageTest" time="18.477" errors="0" timestamp="2021-10-03T20:28:31 IST" skipped="0">
  <testcase classname="Com.TestLayer.ContactPageTest" name="validateLoginFunctionality" time="12.051"/>
  <system-out/>
  <testcase classname="Com.TestLayer.ContactPageTest" name="validateHomePageTitle" time="0.011"/>
  <system-out/>
  <testcase classname="Com.TestLayer.ContactPageTest" name="validateHomePageLogo" time="4.131"/>
  <system-out/>
  <testcase classname="Com.TestLayer.ContactPageTest" name="validateCreateButton" time="0.249"/>
  <system-out/>
  <testcase classname="Com.TestLayer.ContactPageTest" name="validateFirstName" time="0.926"/>
  <system-out/>
  <testcase classname="Com.TestLayer.ContactPageTest" name="valideLastName" time="0.273"/>
  <system-out/>
  <testcase classname="Com.TestLayer.ContactPageTest" name="validateMiddleName" time="0.285"/>
  <system-out/>
  <testcase classname="Com.TestLayer.ContactPageTest" name="validatepublicAccess" time="0.155"/>
  <system-out/>
  <testcase classname="Com.TestLayer.ContactPageTest" name="validateDp" time="0.227"/>
  <system-out/>
  <testcase classname="Com.TestLayer.ContactPageTest" name="validateSaveButton" time="0.169"/>
  <system-out/>
</testsuite> <!-- Com.TestLayer.ContactPageTest -->
